2021-04-14 11:54:01.018 INFO  start at: 2021-04-14 09:54:01 
2021-04-14 11:54:01.678 INFO  start processing this file : C:\Users\p62956\OneDrive - NRB\Bureau\local\Backend\test_cmdb\src\loadFiles\Documents\Refs B.xlsx 
2021-04-14 11:54:01.831 INFO  6 sellers of  world  B has been updated or added 
2021-04-14 11:54:01.831 INFO  end processing this file : C:\Users\p62956\OneDrive - NRB\Bureau\local\Backend\test_cmdb\src\loadFiles\Documents\Refs B.xlsx 
2021-04-14 11:54:01.917 INFO  start processing this file : C:\Users\p62956\OneDrive - NRB\Bureau\local\Backend\test_cmdb\src\loadFiles\Documents\Refs Z.xlsx 
2021-04-14 11:54:02.825 INFO  44 sellers of  world  Z has been updated or added 
2021-04-14 11:54:02.825 INFO  end processing this file : C:\Users\p62956\OneDrive - NRB\Bureau\local\Backend\test_cmdb\src\loadFiles\Documents\Refs Z.xlsx 
2021-04-14 11:54:02.858 INFO  start processing this file : C:\Users\p62956\OneDrive - NRB\Bureau\local\Backend\test_cmdb\src\loadFiles\Documents\CI software B.xlsx 
2021-04-14 11:54:03.128 INFO  8 softs of  world  B has been updated or added 
2021-04-14 11:54:03.129 INFO  end processing this file : C:\Users\p62956\OneDrive - NRB\Bureau\local\Backend\test_cmdb\src\loadFiles\Documents\CI software B.xlsx 
2021-04-14 11:54:03.372 INFO  start processing this file : C:\Users\p62956\OneDrive - NRB\Bureau\local\Backend\test_cmdb\src\loadFiles\Documents\CI software Z.xlsx 
2021-04-14 11:54:13.782 INFO  347 softs of  world  Z has been updated or added 
2021-04-14 11:54:13.782 INFO  end processing this file : C:\Users\p62956\OneDrive - NRB\Bureau\local\Backend\test_cmdb\src\loadFiles\Documents\CI software Z.xlsx 
2021-04-14 11:54:13.893 INFO  start processing this file : C:\Users\p62956\OneDrive - NRB\Bureau\local\Backend\test_cmdb\src\loadFiles\Documents\CI hardware B.xlsx 
2021-04-14 11:54:14.152 INFO  4 hardwares of  world  B of type pserver|Mainframe Bull has been updated or added 
2021-04-14 11:54:15.154 INFO  17 hardwares of  world  B of type pserver|Appliance has been updated or added 
2021-04-14 11:54:15.434 INFO  2 hardwares of  world  B of type storage|M. Drive Enclosure has been updated or added 
2021-04-14 11:54:15.856 INFO  9 hardwares of  world  B of type storage|Mainframe VTS & TL has been updated or added 
2021-04-14 11:54:15.856 INFO  end processing this file : C:\Users\p62956\OneDrive - NRB\Bureau\local\Backend\test_cmdb\src\loadFiles\Documents\CI hardware B.xlsx 
2021-04-14 11:54:15.914 INFO  start processing this file : C:\Users\p62956\OneDrive - NRB\Bureau\local\Backend\test_cmdb\src\loadFiles\Documents\CI hardware Z.xlsx 
2021-04-14 11:54:16.140 INFO  5 hardwares of  world  Z of type pserver|Mainframe IBM has been updated or added 
2021-04-14 11:54:16.286 INFO  4 hardwares of  world  Z of type pserver|Appliance has been updated or added 
2021-04-14 11:54:16.686 INFO  8 hardwares of  world  Z of type storage|M. Drive Enclosure has been updated or added 
2021-04-14 11:54:17.239 INFO  12 hardwares of  world  Z of type storage|Mainframe VTS has been updated or added 
2021-04-14 11:54:17.239 INFO  end processing this file : C:\Users\p62956\OneDrive - NRB\Bureau\local\Backend\test_cmdb\src\loadFiles\Documents\CI hardware Z.xlsx 
2021-04-14 11:54:17.255 INFO  start processing this file : C:\Users\p62956\OneDrive - NRB\Bureau\local\Backend\test_cmdb\src\loadFiles\Documents\CI virtual B.xlsx 
2021-04-14 11:54:18.025 INFO  9 virtual of  world  B of type lserver|Mainframe LGP has been updated or added 
2021-04-14 11:54:18.025 INFO  end processing this file : C:\Users\p62956\OneDrive - NRB\Bureau\local\Backend\test_cmdb\src\loadFiles\Documents\CI virtual B.xlsx 
2021-04-14 11:54:18.103 INFO  start processing this file : C:\Users\p62956\OneDrive - NRB\Bureau\local\Backend\test_cmdb\src\loadFiles\Documents\CI virtual Z.xlsx 
2021-04-14 11:54:30.579 INFO  163 virtual of  world  Z of type lserver|Mainframe LPAR has been updated or added 
2021-04-14 11:54:31.531 INFO  163 virtual of  world  Z of type lserver|zVM Linux has been updated or added 
2021-04-14 11:54:31.531 INFO  end processing this file : C:\Users\p62956\OneDrive - NRB\Bureau\local\Backend\test_cmdb\src\loadFiles\Documents\CI virtual Z.xlsx 
2021-04-14 11:54:31.557 INFO  start processing this file : C:\Users\p62956\OneDrive - NRB\Bureau\local\Backend\test_cmdb\src\loadFiles\Documents\REL hardware Z pserver.csv 
2021-04-14 11:54:31.559 INFO  end processing this file : C:\Users\p62956\OneDrive - NRB\Bureau\local\Backend\test_cmdb\src\loadFiles\Documents\REL hardware Z pserver.csv 
2021-04-14 11:54:31.559 INFO  start processing this file : C:\Users\p62956\OneDrive - NRB\Bureau\local\Backend\test_cmdb\src\loadFiles\Documents\REL hardware B pserver.csv 
2021-04-14 11:54:31.559 INFO  end processing this file : C:\Users\p62956\OneDrive - NRB\Bureau\local\Backend\test_cmdb\src\loadFiles\Documents\REL hardware B pserver.csv 
2021-04-14 11:54:31.560 INFO  start processing this file : C:\Users\p62956\OneDrive - NRB\Bureau\local\Backend\test_cmdb\src\loadFiles\Documents\REL hardware B storage.csv 
2021-04-14 11:54:31.560 INFO  end processing this file : C:\Users\p62956\OneDrive - NRB\Bureau\local\Backend\test_cmdb\src\loadFiles\Documents\REL hardware B storage.csv 
2021-04-14 11:54:31.589 INFO  start processing this file : C:\Users\p62956\OneDrive - NRB\Bureau\local\Backend\test_cmdb\src\loadFiles\Documents\CI sinstance B.xlsx 
2021-04-14 11:54:31.914 ERROR can't find referenced for relation DS8886 75CBP20 X CEC03 to insert in the table (hardwares_relations) 
2021-04-14 11:54:31.915 ERROR can't find referenced for relation DS8886 75BZZ00 X CEC03 to insert in the table (hardwares_relations) 
2021-04-14 11:54:31.936 ERROR can't find referenced for relation DS8886 75HKT20 X CEC03 to insert in the table (hardwares_relations) 
2021-04-14 11:54:31.944 ERROR can't find referenced for relation DS8886 75HKF20 X CEC03 to insert in the table (hardwares_relations) 
2021-04-14 11:54:31.944 ERROR can't find referenced for relation VTS 7760 78H8884 X CEC03 to insert in the table (hardwares_relations) 
2021-04-14 11:54:31.956 ERROR can't find referenced for relation VTS 7720 78H7498 X CEC03 to insert in the table (hardwares_relations) 
2021-04-14 11:54:31.966 ERROR can't find referenced for relation HMC PUP X CEC03 to insert in the table (hardwares_relations) 
2021-04-14 11:54:31.968 ERROR can't find referenced for relation HMC B10 X CEC03 to insert in the table (hardwares_relations) 
2021-04-14 11:54:31.972 ERROR can't find referenced for relation HMC BDC X CEC03 to insert in the table (hardwares_relations) 
2021-04-14 11:54:32.537 ERROR can't find referenced for relation DS8886 75CBP20 X CEC02B to insert in the table (hardwares_relations) 
2021-04-14 11:54:32.537 ERROR can't find referenced for relation DS8886 75BZZ00 X CEC02B to insert in the table (hardwares_relations) 
2021-04-14 11:54:32.567 ERROR can't find referenced for relation DS8886 75HKT20 X CEC02B to insert in the table (hardwares_relations) 
2021-04-14 11:54:32.575 ERROR can't find referenced for relation DS8886 75HKF20 X CEC02B to insert in the table (hardwares_relations) 
2021-04-14 11:54:32.583 ERROR can't find referenced for relation VTS 7760 78H8884 X CEC02B to insert in the table (hardwares_relations) 
2021-04-14 11:54:32.588 ERROR can't find referenced for relation VTS 7720 78H7498 X CEC02B to insert in the table (hardwares_relations) 
2021-04-14 11:54:32.630 ERROR can't find referenced for relation HMC PUP X CEC02B to insert in the table (hardwares_relations) 
2021-04-14 11:54:32.639 ERROR can't find referenced for relation HMC B10 X CEC02B to insert in the table (hardwares_relations) 
2021-04-14 11:54:32.646 ERROR can't find referenced for relation HMC BDC X CEC02B to insert in the table (hardwares_relations) 
2021-04-14 11:54:34.270 INFO  16 instances of  world  B has been updated or added 
2021-04-14 11:54:34.270 INFO  end processing this file : C:\Users\p62956\OneDrive - NRB\Bureau\local\Backend\test_cmdb\src\loadFiles\Documents\CI sinstance B.xlsx 
2021-04-14 11:54:34.973 INFO  start processing this file : C:\Users\p62956\OneDrive - NRB\Bureau\local\Backend\test_cmdb\src\loadFiles\Documents\CI sinstance Z.xlsx 
2021-04-14 11:56:05.371 INFO  2163 instances of  world  Z has been updated or added 
2021-04-14 11:56:05.371 INFO  end processing this file : C:\Users\p62956\OneDrive - NRB\Bureau\local\Backend\test_cmdb\src\loadFiles\Documents\CI sinstance Z.xlsx 
2021-04-14 11:56:05.610 INFO  start processing this file : C:\Users\p62956\OneDrive - NRB\Bureau\local\Backend\test_cmdb\src\loadFiles\Documents\CI software B.xlsx 
2021-04-14 11:56:06.287 INFO  8 occurrences of  world  B has been updated or added 
2021-04-14 11:56:06.287 INFO  end processing this file : C:\Users\p62956\OneDrive - NRB\Bureau\local\Backend\test_cmdb\src\loadFiles\Documents\CI software B.xlsx 
2021-04-14 11:56:06.704 INFO  start processing this file : C:\Users\p62956\OneDrive - NRB\Bureau\local\Backend\test_cmdb\src\loadFiles\Documents\CI software Z.xlsx 
2021-04-14 11:56:19.177 ERROR can't insert occurence {"ourName":"ADABASP","product_code":"ADA","version":"8.4.2","softinstance":"SAG ADA 8.4.2 FERMAT","system":"FERMAT","type":"occurence","subtype":"Mainframe Subsystem","logicalname":"ADABASP FERMAT","displayName":"Z_ADABASP","company":"DIETEREN","nrb_managed_by":"NRB","asignment":"ZSYS","status":"Operational","description":"ADABAS Production Dieteren","client_id":10} 
2021-04-14 11:56:19.185 ERROR can't insert occurence {"ourName":"ADABASD","product_code":"ADA","version":"8.4.2","softinstance":"SAG ADA 8.4.2 FERMAT","system":"FERMAT","type":"occurence","subtype":"Mainframe Subsystem","logicalname":"ADABASD FERMAT","displayName":"Z_ADABASD","company":"DIETEREN","nrb_managed_by":"NRB","asignment":"ZSYS","status":"Operational","description":"ADABAS Développement Dieteren","client_id":10} 
2021-04-14 11:56:19.191 ERROR can't insert occurence {"ourName":"ADABASE","product_code":"ADA","version":"8.4.2","softinstance":"SAG ADA 8.4.2 FERMAT","system":"FERMAT","type":"occurence","subtype":"Mainframe Subsystem","logicalname":"ADABASE FERMAT","displayName":"Z_ADABASE","company":"DIETEREN","nrb_managed_by":"NRB","asignment":"ZSYS","status":"Operational","description":"ADABAS Educ Dieteren","client_id":10} 
2021-04-14 11:56:19.200 ERROR can't insert occurence {"ourName":"ADABASP","product_code":"ADA","version":"8.4.2","softinstance":"SAG ADA 8.4.2 PAVLOV","system":"PAVLOV","type":"occurence","subtype":"Mainframe Subsystem","logicalname":"ADABASP PAVLOV","displayName":"Z_ADABASP","company":"DIETEREN","nrb_managed_by":"NRB","asignment":"ZSYS","status":"Operational","description":"ADABAS Production Dieteren PAVLOV","client_id":10} 
2021-04-14 11:56:19.206 ERROR can't insert occurence {"ourName":"ADABASD","product_code":"ADA","version":"8.4.2","softinstance":"SAG ADA 8.4.2 PAVLOV","system":"PAVLOV","type":"occurence","subtype":"Mainframe Subsystem","logicalname":"ADABASD PAVLOV","displayName":"Z_ADABASD","company":"DIETEREN","nrb_managed_by":"NRB","asignment":"ZSYS","status":"Operational","description":"ADABAS Développement Dieteren PAVLOV","client_id":10} 
2021-04-14 11:56:19.212 ERROR can't insert occurence {"ourName":"ADABASE","product_code":"ADA","version":"8.4.2","softinstance":"SAG ADA 8.4.2 PAVLOV","system":"PAVLOV","type":"occurence","subtype":"Mainframe Subsystem","logicalname":"ADABASE PAVLOV","displayName":"Z_ADABASE","company":"DIETEREN","nrb_managed_by":"NRB","asignment":"ZSYS","status":"Operational","description":"ADABAS Educ Dieteren PAVLOV","client_id":10} 
2021-04-14 11:56:37.159 INFO  479 occurrences of  world  Z has been updated or added 
2021-04-14 11:56:37.159 INFO  end processing this file : C:\Users\p62956\OneDrive - NRB\Bureau\local\Backend\test_cmdb\src\loadFiles\Documents\CI software Z.xlsx 
2021-04-14 11:56:37.184 INFO  start processing this file : C:\Users\p62956\OneDrive - NRB\Bureau\local\Backend\test_cmdb\src\loadFiles\update company\occurences_clients Z.xlsx 
2021-04-14 11:56:37.190 INFO   instances of  world  Z has been updated or added 
2021-04-14 11:56:37.190 INFO  end processing this file : C:\Users\p62956\OneDrive - NRB\Bureau\local\Backend\test_cmdb\src\loadFiles\update company\occurences_clients Z.xlsx 
2021-04-14 11:56:37.203 INFO  start processing this file : C:\Users\p62956\OneDrive - NRB\Bureau\local\Backend\test_cmdb\src\loadFiles\update company\CI virtual Z.xlsx 
2021-04-14 11:56:37.280 INFO  start processing this file : C:\Users\p62956\OneDrive - NRB\Bureau\local\Backend\test_cmdb\src\loadFiles\update company\linux_clients Z.xlsx 
2021-04-14 11:56:37.363 INFO  start processing this file : C:\Users\p62956\OneDrive - NRB\Bureau\local\Backend\test_cmdb\src\loadFiles\update company\CI hardware B.xlsx 
